<?xml version="1.0" encoding="UTF-8"?>
<testsuite name="com.udacity.gradle.jokes.test.JokerTest" tests="1" skipped="0" failures="0" errors="0" timestamp="2016-04-01T16:46:10" hostname="TIMOTHY-TP" time="0.001">
  <properties/>
  <testcase name="test" classname="com.udacity.gradle.jokes.test.JokerTest" time="0.001"/>
  <system-out><![CDATA[]]></system-out>
  <system-err><![CDATA[]]></system-err>
</testsuite>
